2022-12-10 13:48:40 ["hncq6t3unu3er"] Context NOTICE: --------- Starting SPARQL micro-service --------
2022-12-10 13:48:40 ["hncq6t3unu3er"] service NOTICE: Query parameter (html special chars encoded) 'service': flightlabs/findFlights
2022-12-10 13:48:40 ["hncq6t3unu3er"] service NOTICE: Query parameter (html special chars encoded) 'querymode': sparql
2022-12-10 13:48:40 ["hncq6t3unu3er"] Utils NOTICE: Query HTTP header "Content-Type" undefined.
2022-12-10 13:48:40 ["hncq6t3unu3er"] Utils NOTICE: Query HTTP header "Accept": text/turtle
2022-12-10 13:48:40 ["hncq6t3unu3er"] service NOTICE: Client SPARQL query (html special chars encoded):
construct WHERE { ?s ?p ?o } 
2022-12-10 13:48:40 ["hncq6t3unu3er"] service NOTICE: Will query the Web API with arguments: Array
(
    [aeroport_iata] => AGA
)

2022-12-10 13:48:40 ["hncq6t3unu3er"] service NOTICE: Web API query string: https://app.goflightlabs.com/advanced-real-time-flights?access_key=eyJ0eXAiOiJKV1QiLCJhbGciOiJSUzI1NiJ9.eyJhdWQiOiI0IiwianRpIjoiYzA1YWI5ODRiM2ZjMzg1NTVjNjgzZjEzMzRhYjA2NzU4OTk4ZGE2MGQ0OGM0OTIzNzIxMmVjNzAxOTM5ZGQ5OGQ0OGJhZjA0ZjQ2YTRhOWIiLCJpYXQiOjE2NzAyMjg3ODQsIm5iZiI6MTY3MDIyODc4NCwiZXhwIjoxNzAxNzY0Nzg0LCJzdWIiOiIxOTEwOCIsInNjb3BlcyI6W119.XYSGIskzdtgoVnX7rIEaquOrrvzrECJMu42_R4LkKVUXEqXmlQy2RqSvXpcsGz1OkUkR8hWZYfklwlZ4mg_Fxg&arrIata=AGA
2022-12-10 13:48:40 ["hncq6t3unu3er"] service NOTICE: Executing default SPARQL CONSTRUCT query
2022-12-10 13:48:40 ["hncq6t3unu3er"] service NOTICE: Evaluating client SPARQL query against temporary graph...
2022-12-10 13:48:40 ["hncq6t3unu3er"] service NOTICE: Sending response with Content-Type: text/turtle
2022-12-10 13:48:41 ["hncq6t3unu3er"] service NOTICE: --------- Done - SPARQL µS execution --------
2022-12-10 13:48:54 ["2kvk12qva0e6d"] Context NOTICE: --------- Starting SPARQL micro-service --------
2022-12-10 13:48:54 ["2kvk12qva0e6d"] service NOTICE: Query parameter (html special chars encoded) 'service': flightlabs/findFlights
2022-12-10 13:48:54 ["2kvk12qva0e6d"] service NOTICE: Query parameter (html special chars encoded) 'querymode': sparql
2022-12-10 13:48:54 ["2kvk12qva0e6d"] Utils NOTICE: Query HTTP header "Content-Type" undefined.
2022-12-10 13:48:54 ["2kvk12qva0e6d"] Utils NOTICE: Query HTTP header "Accept": application/sparql-results+json
2022-12-10 13:48:54 ["2kvk12qva0e6d"] service NOTICE: Client SPARQL query (html special chars encoded):
select * where {?s ?p ?o}
2022-12-10 13:48:54 ["2kvk12qva0e6d"] service NOTICE: Will query the Web API with arguments: Array
(
    [aeroport_iata] => AGA
)

2022-12-10 13:48:54 ["2kvk12qva0e6d"] service NOTICE: Web API query string: https://app.goflightlabs.com/advanced-real-time-flights?access_key=eyJ0eXAiOiJKV1QiLCJhbGciOiJSUzI1NiJ9.eyJhdWQiOiI0IiwianRpIjoiYzA1YWI5ODRiM2ZjMzg1NTVjNjgzZjEzMzRhYjA2NzU4OTk4ZGE2MGQ0OGM0OTIzNzIxMmVjNzAxOTM5ZGQ5OGQ0OGJhZjA0ZjQ2YTRhOWIiLCJpYXQiOjE2NzAyMjg3ODQsIm5iZiI6MTY3MDIyODc4NCwiZXhwIjoxNzAxNzY0Nzg0LCJzdWIiOiIxOTEwOCIsInNjb3BlcyI6W119.XYSGIskzdtgoVnX7rIEaquOrrvzrECJMu42_R4LkKVUXEqXmlQy2RqSvXpcsGz1OkUkR8hWZYfklwlZ4mg_Fxg&arrIata=AGA
2022-12-10 13:48:54 ["2kvk12qva0e6d"] service NOTICE: Executing default SPARQL CONSTRUCT query
2022-12-10 13:48:55 ["2kvk12qva0e6d"] service NOTICE: Evaluating client SPARQL query against temporary graph...
2022-12-10 13:48:55 ["2kvk12qva0e6d"] service NOTICE: Sending response with Content-Type: application/sparql-results+json
2022-12-10 13:48:55 ["2kvk12qva0e6d"] service NOTICE: --------- Done - SPARQL µS execution --------
